<?xml version="1.0" encoding="UTF-8"?>
<testsuite errors="0" failures="0" name="Test2-20161129091856" skipped="0" tests="1" time="0.000">
	<testcase classname="Test2" name="test_webin" time="0.000"/>
	<system-out>
<![CDATA[]]>	</system-out>
	<system-err>
<![CDATA[]]>	</system-err>
</testsuite>
