<?xml version="1.0" encoding="UTF-8"?>
<testsuite errors="0" failures="0" name="TestLogin-20161130150026" skipped="0" tests="1" time="7.698">
	<testcase classname="TestLogin" name="test_login" time="7.698"/>
	<system-out>
<![CDATA[]]>	</system-out>
	<system-err>
<![CDATA[]]>	</system-err>
</testsuite>
